2025-12-12 19:50:05.528 INFO (SyncWorker_2) [homeassistant.components.python_script.discover_tessie.py] Tessie Entities Found:

BINARY_SENSOR:
 - Electra Auto seat climate left binary_sensor.electra_auto_seat_climate_left (off (str))
 - Electra Auto seat climate right binary_sensor.electra_auto_seat_climate_right (off (str))
 - Electra Auto steering wheel heater binary_sensor.electra_auto_steering_wheel_heater (off (str))
 - Electra Battery heater binary_sensor.electra_battery_heater (off (str))      attributes: device_class=heat (str)
 - Electra Cabin overheat protection binary_sensor.electra_cabin_overheat_protection (on (str)) attributes: device_class=running (str)
 - Electra Cabin overheat protection actively cooling binary_sensor.electra_cabin_overheat_protection_actively_cooling (off (str))      attributes: device_class=heat (str)
 - Electra Charge cable binary_sensor.electra_charge_cable (off (str))  attributes: device_class=connectivity (str)
 - Electra Dashcam binary_sensor.electra_dashcam (on (str))     attributes: device_class=running (str)
 - Electra Front driver door binary_sensor.electra_front_driver_door (off (str))        attributes: device_class=door (str)
 - Electra Front driver window binary_sensor.electra_front_driver_window (off (str))    attributes: device_class=window (str)
 - Electra Front passenger door binary_sensor.electra_front_passenger_door (off (str))  attributes: device_class=door (str)
 - Electra Front passenger window binary_sensor.electra_front_passenger_window (off (str))      attributes: device_class=window (str)
 - Electra Preconditioning enabled binary_sensor.electra_preconditioning_enabled (off (str))
 - Electra Rear driver door binary_sensor.electra_rear_driver_door (off (str))  attributes: device_class=door (str)
 - Electra Rear driver window binary_sensor.electra_rear_driver_window (off (str))      attributes: device_class=window (str)
 - Electra Rear passenger door binary_sensor.electra_rear_passenger_door (off (str))    attributes: device_class=door (str)
 - Electra Rear passenger window binary_sensor.electra_rear_passenger_window (off (str))        attributes: device_class=window (str)
 - Electra Scheduled charging pending binary_sensor.electra_scheduled_charging_pending (off (str))
 - Electra Status binary_sensor.electra_status (on (str))       attributes: device_class=connectivity (str)
 - Electra Tire pressure warning front left binary_sensor.electra_tire_pressure_warning_front_left (off (str))  attributes: device_class=problem (str)
 - Electra Tire pressure warning front right binary_sensor.electra_tire_pressure_warning_front_right (off (str))        attributes: device_class=problem (str)
 - Electra Tire pressure warning rear left binary_sensor.electra_tire_pressure_warning_rear_left (off (str))    attributes: device_class=problem (str)
 - Electra Tire pressure warning rear right binary_sensor.electra_tire_pressure_warning_rear_right (off (str))  attributes: device_class=problem (str)
 - Electra Trip charging binary_sensor.electra_trip_charging (off (str))
 - Electra User present binary_sensor.electra_user_present (off (str))  attributes: device_class=occupancy (str)
 - Nittany Auto seat climate left binary_sensor.nittany_auto_seat_climate_left (off (str))
 - Nittany Auto seat climate right binary_sensor.nittany_auto_seat_climate_right (off (str))
 - Nittany Auto steering wheel heater binary_sensor.nittany_auto_steering_wheel_heater (on (str))
 - Nittany Battery heater binary_sensor.nittany_battery_heater (off (str))      attributes: device_class=heat (str)
 - Nittany Cabin overheat protection binary_sensor.nittany_cabin_overheat_protection (on (str)) attributes: device_class=running (str)
 - Nittany Cabin overheat protection actively cooling binary_sensor.nittany_cabin_overheat_protection_actively_cooling (off (str))      attributes: device_class=heat (str)
 - Nittany Charge cable binary_sensor.nittany_charge_cable (off (str))  attributes: device_class=connectivity (str)
 - Nittany Dashcam binary_sensor.nittany_dashcam (off (str))    attributes: device_class=running (str)
 - Nittany Front driver door binary_sensor.nittany_front_driver_door (off (str))        attributes: device_class=door (str)
 - Nittany Front driver window binary_sensor.nittany_front_driver_window (off (str))    attributes: device_class=window (str)
 - Nittany Front passenger door binary_sensor.nittany_front_passenger_door (off (str))  attributes: device_class=door (str)
 - Nittany Front passenger window binary_sensor.nittany_front_passenger_window (off (str))      attributes: device_class=window (str)
 - Nittany Preconditioning enabled binary_sensor.nittany_preconditioning_enabled (off (str))
 - Nittany Rear driver door binary_sensor.nittany_rear_driver_door (off (str))  attributes: device_class=door (str)
 - Nittany Rear driver window binary_sensor.nittany_rear_driver_window (off (str))      attributes: device_class=window (str)
 - Nittany Rear passenger door binary_sensor.nittany_rear_passenger_door (off (str))    attributes: device_class=door (str)
 - Nittany Rear passenger window binary_sensor.nittany_rear_passenger_window (off (str))        attributes: device_class=window (str)
 - Nittany Scheduled charging pending binary_sensor.nittany_scheduled_charging_pending (off (str))
 - Nittany Status binary_sensor.nittany_status (off (str))      attributes: device_class=connectivity (str)
 - Nittany Tire pressure warning front left binary_sensor.nittany_tire_pressure_warning_front_left (off (str))  attributes: device_class=problem (str)
 - Nittany Tire pressure warning front right binary_sensor.nittany_tire_pressure_warning_front_right (off (str))        attributes: device_class=problem (str)
 - Nittany Tire pressure warning rear left binary_sensor.nittany_tire_pressure_warning_rear_left (off (str))    attributes: device_class=problem (str)
 - Nittany Tire pressure warning rear right binary_sensor.nittany_tire_pressure_warning_rear_right (off (str))  attributes: device_class=problem (str)
 - Nittany Trip charging binary_sensor.nittany_trip_charging (off (str))
 - Nittany User present binary_sensor.nittany_user_present (off (str))  attributes: device_class=occupancy (str)

BUTTON:
 - Electra Flash lights button.electra_flash_lights (unknown (str))
 - Electra Homelink button.electra_homelink (unknown (str))
 - Electra Honk horn button.electra_honk_horn (unknown (str))
 - Electra Keyless driving button.electra_keyless_driving (unknown (str))
 - Electra Play fart button.electra_play_fart (unknown (str))
 - Electra Wake button.electra_wake (unknown (str))
 - Nittany Flash lights button.nittany_flash_lights (unknown (str))
 - Nittany Homelink button.nittany_homelink (unknown (str))
 - Nittany Honk horn button.nittany_honk_horn (unknown (str))
 - Nittany Keyless driving button.nittany_keyless_driving (unknown (str))
 - Nittany Play fart button.nittany_play_fart (unknown (str))
 - Nittany Wake button.nittany_wake (unknown (str))

CLIMATE:
 - Electra Climate climate.electra_climate (off (str))  attributes: hvac_modes=[<HVACMode.HEAT_COOL: 'heat_cool'>, <HVACMode.OFF: 'off'>] (str), min_temp=59.0 (int), max_temp=82.5 (int), preset_modes=[<TessieClimateKeeper.OFF: 'off'>, <TessieClimateKeeper.ON: 'on'>, <TessieClimateKeeper.DOG: 'dog'>, <TessieClimateKeeper.CAMP: 'camp'>] (str), current_temperature=54.5 (int), temperature=67.0 (int), preset_mode=off (str), supported_features=401 (int)
 - Nittany Climate climate.nittany_climate (off (str))  attributes: hvac_modes=[<HVACMode.HEAT_COOL: 'heat_cool'>, <HVACMode.OFF: 'off'>] (str), min_temp=59.0 (int), max_temp=82.5 (int), preset_modes=[<TessieClimateKeeper.OFF: 'off'>, <TessieClimateKeeper.ON: 'on'>, <TessieClimateKeeper.DOG: 'dog'>, <TessieClimateKeeper.CAMP: 'camp'>] (str), current_temperature=59.5 (int), temperature=67.0 (int), preset_mode=off (str), supported_features=401 (int)

COVER:
 - Electra Charge port door cover.electra_charge_port_door (closed (str))       attributes: device_class=door (str), supported_features=3 (int)
 - Electra Frunk cover.electra_frunk (closed (str))     attributes: device_class=door (str), supported_features=1 (int)
 - Electra Trunk cover.electra_trunk (closed (str))     attributes: device_class=door (str), supported_features=3 (int)
 - Electra Vent windows cover.electra_vent_windows (closed (str))       attributes: device_class=window (str), supported_features=3 (int)
 - Nittany Charge port door cover.nittany_charge_port_door (closed (str))       attributes: device_class=door (str), supported_features=3 (int)
 - Nittany Frunk cover.nittany_frunk (closed (str))     attributes: device_class=door (str), supported_features=1 (int)
 - Nittany Trunk cover.nittany_trunk (closed (str))     attributes: device_class=door (str), supported_features=3 (int)
 - Nittany Vent windows cover.nittany_vent_windows (closed (str))       attributes: device_class=window (str), supported_features=3 (int)

DEVICE_TRACKER:
 - Electra Location device_tracker.electra_location (home (str))        attributes: source_type=gps (str), latitude=35.351995 (int), longitude=-80.777064 (int), gps_accuracy=0 (int), heading=188 (int), speed=0 (int)
 - Electra Route device_tracker.electra_route (unknown (str))   attributes: source_type=gps (str)
 - Nittany Location device_tracker.nittany_location (home (str))        attributes: source_type=gps (str), latitude=35.351995 (int), longitude=-80.777091 (int), gps_accuracy=0 (int), heading=185 (int), speed=0 (int)
 - Nittany Route device_tracker.nittany_route (unknown (str))   attributes: source_type=gps (str)

LOCK:
 - Electra Charge cable lock lock.electra_charge_cable_lock (locked (str))      attributes: supported_features=0 (int)
 - Electra Lock lock.electra_lock (unlocked (str))      attributes: supported_features=0 (int)
 - Nittany Charge cable lock lock.nittany_charge_cable_lock (locked (str))      attributes: supported_features=0 (int)
 - Nittany Lock lock.nittany_lock (unlocked (str))      attributes: supported_features=0 (int)

MEDIA_PLAYER:
 - Electra Media player media_player.electra_media_player (idle (str))  attributes: volume_level=0.0 (int), device_class=speaker (str), supported_features=0 (int)
 - Nittany Media player media_player.nittany_media_player (idle (str))  attributes: volume_level=0.0 (int), device_class=speaker (str), supported_features=0 (int)

NUMBER:
 - Electra Charge current number.electra_charge_current (48 (str))      attributes: min=0 (int), max=48 (int), step=1 (int), mode=auto (str), unit_of_measurement=A (str), device_class=current (str)
 - Electra Charge limit number.electra_charge_limit (68 (str))  attributes: min=50 (int), max=100 (int), step=1 (int), mode=auto (str), unit_of_measurement=% (str), device_class=battery (str)
 - Electra Speed limit number.electra_speed_limit (85 (str))    attributes: min=50 (int), max=120 (int), step=1 (int), mode=box (str), unit_of_measurement=mph (str), device_class=speed (str)
 - Nittany Charge current number.nittany_charge_current (48 (str))      attributes: min=0 (int), max=48 (int), step=1 (int), mode=auto (str), unit_of_measurement=A (str), device_class=current (str)
 - Nittany Charge limit number.nittany_charge_limit (70 (str))  attributes: min=50 (int), max=100 (int), step=1 (int), mode=auto (str), unit_of_measurement=% (str), device_class=battery (str)
 - Nittany Speed limit number.nittany_speed_limit (85 (str))    attributes: min=50 (int), max=120 (int), step=1 (int), mode=box (str), unit_of_measurement=mph (str), device_class=speed (str)

SELECT:
 - Electra Seat heater left select.electra_seat_heater_left (off (str)) attributes: options=[<TessieSeatHeaterOptions.OFF: 'off'>, <TessieSeatHeaterOptions.LOW: 'low'>, <TessieSeatHeaterOptions.MEDIUM: 'medium'>, <TessieSeatHeaterOptions.HIGH: 'high'>] (str)
 - Electra Seat heater rear center select.electra_seat_heater_rear_center (off (str))   attributes: options=[<TessieSeatHeaterOptions.OFF: 'off'>, <TessieSeatHeaterOptions.LOW: 'low'>, <TessieSeatHeaterOptions.MEDIUM: 'medium'>, <TessieSeatHeaterOptions.HIGH: 'high'>] (str)
 - Electra Seat heater rear left select.electra_seat_heater_rear_left (off (str))       attributes: options=[<TessieSeatHeaterOptions.OFF: 'off'>, <TessieSeatHeaterOptions.LOW: 'low'>, <TessieSeatHeaterOptions.MEDIUM: 'medium'>, <TessieSeatHeaterOptions.HIGH: 'high'>] (str)
 - Electra Seat heater rear right select.electra_seat_heater_rear_right (off (str))     attributes: options=[<TessieSeatHeaterOptions.OFF: 'off'>, <TessieSeatHeaterOptions.LOW: 'low'>, <TessieSeatHeaterOptions.MEDIUM: 'medium'>, <TessieSeatHeaterOptions.HIGH: 'high'>] (str)
 - Electra Seat heater right select.electra_seat_heater_right (off (str))       attributes: options=[<TessieSeatHeaterOptions.OFF: 'off'>, <TessieSeatHeaterOptions.LOW: 'low'>, <TessieSeatHeaterOptions.MEDIUM: 'medium'>, <TessieSeatHeaterOptions.HIGH: 'high'>] (str)
 - Nittany Seat heater left select.nittany_seat_heater_left (off (str)) attributes: options=[<TessieSeatHeaterOptions.OFF: 'off'>, <TessieSeatHeaterOptions.LOW: 'low'>, <TessieSeatHeaterOptions.MEDIUM: 'medium'>, <TessieSeatHeaterOptions.HIGH: 'high'>] (str)
 - Nittany Seat heater rear center select.nittany_seat_heater_rear_center (off (str))   attributes: options=[<TessieSeatHeaterOptions.OFF: 'off'>, <TessieSeatHeaterOptions.LOW: 'low'>, <TessieSeatHeaterOptions.MEDIUM: 'medium'>, <TessieSeatHeaterOptions.HIGH: 'high'>] (str)
 - Nittany Seat heater rear left select.nittany_seat_heater_rear_left (off (str))       attributes: options=[<TessieSeatHeaterOptions.OFF: 'off'>, <TessieSeatHeaterOptions.LOW: 'low'>, <TessieSeatHeaterOptions.MEDIUM: 'medium'>, <TessieSeatHeaterOptions.HIGH: 'high'>] (str)
 - Nittany Seat heater rear right select.nittany_seat_heater_rear_right (off (str))     attributes: options=[<TessieSeatHeaterOptions.OFF: 'off'>, <TessieSeatHeaterOptions.LOW: 'low'>, <TessieSeatHeaterOptions.MEDIUM: 'medium'>, <TessieSeatHeaterOptions.HIGH: 'high'>] (str)
 - Nittany Seat heater right select.nittany_seat_heater_right (off (str))       attributes: options=[<TessieSeatHeaterOptions.OFF: 'off'>, <TessieSeatHeaterOptions.LOW: 'low'>, <TessieSeatHeaterOptions.MEDIUM: 'medium'>, <TessieSeatHeaterOptions.HIGH: 'high'>] (str)

SENSOR:
 - Electra Battery level sensor.electra_battery_level (62 (str))        attributes: state_class=measurement (str), unit_of_measurement=% (str), device_class=battery (str)
 - Electra Battery range sensor.electra_battery_range (177.92 (str))    attributes: state_class=measurement (str), unit_of_measurement=mi (str), device_class=distance (str)
 - Electra Charge energy added sensor.electra_charge_energy_added (0 (str))     attributes: state_class=total_increasing (str), unit_of_measurement=kWh (str), device_class=energy (str)
 - Electra Charge rate sensor.electra_charge_rate (0 (str))     attributes: state_class=measurement (str), unit_of_measurement=mph (str), device_class=speed (str)
 - Electra Charger current sensor.electra_charger_current (0 (str))     attributes: state_class=measurement (str), unit_of_measurement=A (str), device_class=current (str)
 - Electra Charger power sensor.electra_charger_power (0 (str)) attributes: state_class=measurement (str), unit_of_measurement=kW (str), device_class=power (str)
 - Electra Charger voltage sensor.electra_charger_voltage (2 (str))     attributes: state_class=measurement (str), unit_of_measurement=V (str), device_class=voltage (str)
 - Electra Charging sensor.electra_charging (disconnected (str))        attributes: options=['starting', 'charging', 'stopped', 'complete', 'disconnected', 'no_power'] (str), device_class=enum (str)
 - Electra Destination sensor.electra_destination (unknown (str))
 - Electra Distance to arrival sensor.electra_distance_to_arrival (unknown (str))       attributes: state_class=measurement (str), unit_of_measurement=mi (str), device_class=distance (str)
 - Electra Driver temperature setting sensor.electra_driver_temperature_setting (67.1 (str))    attributes: state_class=measurement (str), unit_of_measurement=°F (str), device_class=temperature (str)
 - Electra Inside temperature sensor.electra_inside_temperature (54.5 (str))    attributes: state_class=measurement (str), unit_of_measurement=°F (str), device_class=temperature (str)
 - Electra Odometer sensor.electra_odometer (56411.3647 (str))  attributes: state_class=total_increasing (str), unit_of_measurement=mi (str), device_class=distance (str)
 - Electra Outside temperature sensor.electra_outside_temperature (50.9 (str))  attributes: state_class=measurement (str), unit_of_measurement=°F (str), device_class=temperature (str)
 - Electra Passenger temperature setting sensor.electra_passenger_temperature_setting (67.1 (str))      attributes: state_class=measurement (str), unit_of_measurement=°F (str), device_class=temperature (str)
 - Electra Power sensor.electra_power (0 (str)) attributes: state_class=measurement (str), unit_of_measurement=kW (str), device_class=power (str)
 - Electra Shift state sensor.electra_shift_state (p (str))     attributes: options=['p', 'd', 'r', 'n'] (str), device_class=enum (str)
 - Electra Speed sensor.electra_speed (0 (str)) attributes: state_class=measurement (str), unit_of_measurement=mph (str), device_class=speed (str)
 - Electra State of charge at arrival sensor.electra_state_of_charge_at_arrival (unknown (str)) attributes: state_class=measurement (str), unit_of_measurement=% (str), device_class=battery (str)
 - Electra Time to arrival sensor.electra_time_to_arrival (unavailable (str))   attributes: device_class=timestamp (str)
 - Electra Time to full charge sensor.electra_time_to_full_charge (unknown (str))       attributes: device_class=timestamp (str)
 - Electra Tire pressure front left sensor.electra_tire_pressure_front_left (43.8739175289281 (str))    attributes: state_class=measurement (str), unit_of_measurement=psi (str), device_class=pressure (str)
 - Electra Tire pressure front right sensor.electra_tire_pressure_front_right (43.8739175289281 (str))  attributes: state_class=measurement (str), unit_of_measurement=psi (str), device_class=pressure (str)
 - Electra Tire pressure rear left sensor.electra_tire_pressure_rear_left (44.5991062484146 (str))      attributes: state_class=measurement (str), unit_of_measurement=psi (str), device_class=pressure (str)
 - Electra Tire pressure rear right sensor.electra_tire_pressure_rear_right (44.2365118886713 (str))    attributes: state_class=measurement (str), unit_of_measurement=psi (str), device_class=pressure (str)
 - Electra Traffic delay sensor.electra_traffic_delay (unknown (str))   attributes: state_class=measurement (str), unit_of_measurement=min (str), device_class=duration (str)
 - Nittany Battery level sensor.nittany_battery_level (47 (str))        attributes: state_class=measurement (str), unit_of_measurement=% (str), device_class=battery (str)
 - Nittany Battery range sensor.nittany_battery_range (126.12 (str))    attributes: state_class=measurement (str), unit_of_measurement=mi (str), device_class=distance (str)
 - Nittany Charge energy added sensor.nittany_charge_energy_added (0 (str))     attributes: state_class=total_increasing (str), unit_of_measurement=kWh (str), device_class=energy (str)
 - Nittany Charge rate sensor.nittany_charge_rate (0 (str))     attributes: state_class=measurement (str), unit_of_measurement=mph (str), device_class=speed (str)
 - Nittany Charger current sensor.nittany_charger_current (0 (str))     attributes: state_class=measurement (str), unit_of_measurement=A (str), device_class=current (str)
 - Nittany Charger power sensor.nittany_charger_power (0 (str)) attributes: state_class=measurement (str), unit_of_measurement=kW (str), device_class=power (str)
 - Nittany Charger voltage sensor.nittany_charger_voltage (2 (str))     attributes: state_class=measurement (str), unit_of_measurement=V (str), device_class=voltage (str)
 - Nittany Charging sensor.nittany_charging (disconnected (str))        attributes: options=['starting', 'charging', 'stopped', 'complete', 'disconnected', 'no_power'] (str), device_class=enum (str)
 - Nittany Destination sensor.nittany_destination (unknown (str))
 - Nittany Distance to arrival sensor.nittany_distance_to_arrival (unknown (str))       attributes: state_class=measurement (str), unit_of_measurement=mi (str), device_class=distance (str)
 - Nittany Driver temperature setting sensor.nittany_driver_temperature_setting (67.1 (str))    attributes: state_class=measurement (str), unit_of_measurement=°F (str), device_class=temperature (str)
 - Nittany Inside temperature sensor.nittany_inside_temperature (59.72 (str))   attributes: state_class=measurement (str), unit_of_measurement=°F (str), device_class=temperature (str)
 - Nittany Odometer sensor.nittany_odometer (61321.546349 (str))        attributes: state_class=total_increasing (str), unit_of_measurement=mi (str), device_class=distance (str)
 - Nittany Outside temperature sensor.nittany_outside_temperature (53.6 (str))  attributes: state_class=measurement (str), unit_of_measurement=°F (str), device_class=temperature (str)
 - Nittany Passenger temperature setting sensor.nittany_passenger_temperature_setting (67.1 (str))      attributes: state_class=measurement (str), unit_of_measurement=°F (str), device_class=temperature (str)
 - Nittany Power sensor.nittany_power (0 (str)) attributes: state_class=measurement (str), unit_of_measurement=kW (str), device_class=power (str)
 - Nittany Shift state sensor.nittany_shift_state (p (str))     attributes: options=['p', 'd', 'r', 'n'] (str), device_class=enum (str)
 - Nittany Speed sensor.nittany_speed (0 (str)) attributes: state_class=measurement (str), unit_of_measurement=mph (str), device_class=speed (str)
 - Nittany State of charge at arrival sensor.nittany_state_of_charge_at_arrival (unknown (str)) attributes: state_class=measurement (str), unit_of_measurement=% (str), device_class=battery (str)
 - Nittany Time to arrival sensor.nittany_time_to_arrival (unavailable (str))   attributes: device_class=timestamp (str)
 - Nittany Time to full charge sensor.nittany_time_to_full_charge (unknown (str))       attributes: device_class=timestamp (str)
 - Nittany Tire pressure front left sensor.nittany_tire_pressure_front_left (43.1487288094417 (str))    attributes: state_class=measurement (str), unit_of_measurement=psi (str), device_class=pressure (str)
 - Nittany Tire pressure front right sensor.nittany_tire_pressure_front_right (43.1487288094417 (str))  attributes: state_class=measurement (str), unit_of_measurement=psi (str), device_class=pressure (str)
 - Nittany Tire pressure rear left sensor.nittany_tire_pressure_rear_left (43.5113231691849 (str))      attributes: state_class=measurement (str), unit_of_measurement=psi (str), device_class=pressure (str)
 - Nittany Tire pressure rear right sensor.nittany_tire_pressure_rear_right (43.1487288094417 (str))    attributes: state_class=measurement (str), unit_of_measurement=psi (str), device_class=pressure (str)
 - Nittany Traffic delay sensor.nittany_traffic_delay (unknown (str))   attributes: state_class=measurement (str), unit_of_measurement=min (str), device_class=duration (str)

SWITCH:
 - Electra Charge switch.electra_charge (off (str))     attributes: device_class=switch (str)
 - Electra Defrost mode switch.electra_defrost_mode (off (str)) attributes: device_class=switch (str)
 - Electra Sentry mode switch.electra_sentry_mode (off (str))   attributes: device_class=switch (str)
 - Electra Steering wheel heater switch.electra_steering_wheel_heater (on (str))        attributes: device_class=switch (str)
 - Electra Valet mode switch.electra_valet_mode (off (str))     attributes: device_class=switch (str)
 - Nittany Charge switch.nittany_charge (off (str))     attributes: device_class=switch (str)
 - Nittany Defrost mode switch.nittany_defrost_mode (off (str)) attributes: device_class=switch (str)
 - Nittany Sentry mode switch.nittany_sentry_mode (off (str))   attributes: device_class=switch (str)
 - Nittany Steering wheel heater switch.nittany_steering_wheel_heater (off (str))       attributes: device_class=switch (str)
 - Nittany Valet mode switch.nittany_valet_mode (off (str))     attributes: device_class=switch (str)

UPDATE:
 - Electra Update update.electra_update (on (str))      attributes: auto_update=False (int), display_precision=0 (int), installed_version=2025.44.3 (str), in_progress=False (int), latest_version=2025.44.25.1 (str), release_summary=None, release_url=https://stats.tessie.com/versions/2025.44.25.1 (str), skipped_version=None, title=None, update_percentage=None, entity_picture=https://brands.home-assistant.io/_/tessie/icon.png (str), supported_features=4 (int)
 - Nittany Update update.nittany_update (off (str))     attributes: auto_update=False (int), display_precision=0 (int), installed_version=2025.44.3 (str), in_progress=False (int), latest_version=2025.44.3 (str), release_summary=None, release_url=https://stats.tessie.com/versions/2025.44.3 (str), skipped_version=None, title=None, update_percentage=None, entity_picture=https://brands.home-assistant.io/_/tessie/icon.png (str), supported_features=4 (int)
